<?xml version="1.0" encoding="UTF-8"?>
<testng-results total="1" passed="1" failed="0" skipped="0">
  <reporter-output>
  </reporter-output>
  <suite started-at="2019-04-10T07:37:46Z" name="Default suite" finished-at="2019-04-10T07:38:20Z" duration-ms="33486">
    <groups>
    </groups>
    <test started-at="2019-04-10T07:37:46Z" name="Default test" finished-at="2019-04-10T07:38:20Z" duration-ms="33486">
      <class name="myPackage.Loginout">
        <test-method is-config="true" signature="setup()[pri:0, instance:myPackage.Loginout@3e96bacf]" started-at="2019-04-10T08:37:46Z" name="setup" finished-at="2019-04-10T08:38:02Z" duration-ms="15811" status="PASS">
          <reporter-output>
          </reporter-output>
        </test-method> <!-- setup -->
        <test-method signature="test_Home_Page_Appear_Correct()[pri:0, instance:myPackage.Loginout@3e96bacf]" started-at="2019-04-10T08:38:02Z" name="test_Home_Page_Appear_Correct" finished-at="2019-04-10T08:38:18Z" duration-ms="15512" status="PASS">
          <reporter-output>
          </reporter-output>
        </test-method> <!-- test_Home_Page_Appear_Correct -->
        <test-method is-config="true" signature="endSession()[pri:0, instance:myPackage.Loginout@3e96bacf]" started-at="2019-04-10T08:38:18Z" name="endSession" finished-at="2019-04-10T08:38:20Z" duration-ms="2104" status="PASS">
          <reporter-output>
          </reporter-output>
        </test-method> <!-- endSession -->
      </class> <!-- myPackage.Loginout -->
    </test> <!-- Default test -->
  </suite> <!-- Default suite -->
</testng-results>
